<?xml version="1.0" encoding="UTF-8"?>
<testng-results ignored="0" total="1" passed="1" failed="0" skipped="0">
  <reporter-output>
  </reporter-output>
  <suite started-at="2021-03-08T02:04:49Z" name="FaronicsDeploy" finished-at="2021-03-08T02:05:46Z" duration-ms="57090">
    <groups>
    </groups>
    <test started-at="2021-03-08T02:04:49Z" name="ChromeTest" finished-at="2021-03-08T02:05:46Z" duration-ms="57090">
      <class name="com.faronics.testCases.TC_LoginTest_001">
        <test-method is-config="true" signature="setUp(java.lang.String)[pri:0, instance:com.faronics.testCases.TC_LoginTest_001@5e403b4a]" started-at="2021-03-08T02:04:49Z" name="setUp" finished-at="2021-03-08T02:05:10Z" duration-ms="20857" status="PASS">
          <params>
            <param index="0">
              <value>
                <![CDATA[Chrome]]>
              </value>
            </param>
          </params>
          <reporter-output>
          </reporter-output>
        </test-method> <!-- setUp -->
        <test-method signature="logintest()[pri:0, instance:com.faronics.testCases.TC_LoginTest_001@5e403b4a]" started-at="2021-03-08T02:05:10Z" name="logintest" finished-at="2021-03-08T02:05:42Z" duration-ms="31437" status="PASS">
          <reporter-output>
          </reporter-output>
        </test-method> <!-- logintest -->
        <test-method is-config="true" signature="tearDown()[pri:0, instance:com.faronics.testCases.TC_LoginTest_001@5e403b4a]" started-at="2021-03-08T02:05:42Z" name="tearDown" finished-at="2021-03-08T02:05:46Z" duration-ms="4033" status="PASS">
          <reporter-output>
          </reporter-output>
        </test-method> <!-- tearDown -->
      </class> <!-- com.faronics.testCases.TC_LoginTest_001 -->
    </test> <!-- ChromeTest -->
  </suite> <!-- FaronicsDeploy -->
</testng-results>
